<?xml version="1.0" encoding="UTF-8"?>
<!-- Generated by org.testng.reporters.JUnitXMLReporter -->
<testsuite hostname="Testing-PC" ignored="0" name="Test" tests="3" failures="0" timestamp="2020-12-16T09:31:42 IST" time="29.942" errors="0">
  <testcase name="verifyTitle" time="0.059" classname="com.computechis.testcases.LogoutTest"/>
  <testcase name="verifyURL" time="0.823" classname="com.computechis.testcases.LogoutTest"/>
  <testcase name="logout" time="15.572" classname="com.computechis.testcases.LogoutTest"/>
</testsuite> <!-- Test -->
